0 info it worked if it ends with ok
1 verbose cli [ 'C:\\Program Files\\nodejs\\\\node.exe',
1 verbose cli   'C:\\Program Files\\nodejs\\node_modules\\npm\\bin\\npm-cli.js',
1 verbose cli   'install',
1 verbose cli   'reequest' ]
2 info using npm@1.4.28
3 info using node@v0.10.32
4 verbose node symlink C:\Program Files\nodejs\\node.exe
5 warn package.json tpplanningpoker@0.0.0 No description
6 warn package.json tpplanningpoker@0.0.0 No repository field.
7 warn package.json tpplanningpoker@0.0.0 No README data
8 warn package.json karma-phantomjs-launcher@0.1.4 No README data
9 verbose readDependencies using package.json deps
10 verbose cache add [ 'reequest', null ]
11 verbose cache add name=undefined spec="reequest" args=["reequest",null]
12 verbose parsed url { protocol: null,
12 verbose parsed url   slashes: null,
12 verbose parsed url   auth: null,
12 verbose parsed url   host: null,
12 verbose parsed url   port: null,
12 verbose parsed url   hostname: null,
12 verbose parsed url   hash: null,
12 verbose parsed url   search: null,
12 verbose parsed url   query: null,
12 verbose parsed url   pathname: 'reequest',
12 verbose parsed url   path: 'reequest',
12 verbose parsed url   href: 'reequest' }
13 silly lockFile aeed5287-reequest reequest
14 verbose lock reequest C:\Users\Kev\AppData\Roaming\npm-cache\aeed5287-reequest.lock
15 silly lockFile aeed5287-reequest reequest
16 silly lockFile aeed5287-reequest reequest
17 verbose addNamed [ 'reequest', '' ]
18 verbose addNamed [ null, '*' ]
19 silly lockFile 9a511abb-reequest reequest@
20 verbose lock reequest@ C:\Users\Kev\AppData\Roaming\npm-cache\9a511abb-reequest.lock
21 silly addNameRange { name: 'reequest', range: '*', hasData: false }
22 verbose request where is /reequest
23 verbose request registry https://registry.npmjs.org/
24 verbose request id f040080738a063c5
25 verbose url raw /reequest
26 verbose url resolving [ 'https://registry.npmjs.org/', './reequest' ]
27 verbose url resolved https://registry.npmjs.org/reequest
28 verbose request where is https://registry.npmjs.org/reequest
29 info trying registry request attempt 1 at 16:08:33
30 http GET https://registry.npmjs.org/reequest
31 http 404 https://registry.npmjs.org/reequest
32 verbose headers { date: 'Sat, 29 Nov 2014 16:08:30 GMT',
32 verbose headers   server: 'CouchDB/1.5.0 (Erlang OTP/R14B04)',
32 verbose headers   'content-type': 'application/json',
32 verbose headers   'cache-control': 'max-age=0',
32 verbose headers   'content-length': '52',
32 verbose headers   'accept-ranges': 'bytes',
32 verbose headers   via: '1.1 varnish',
32 verbose headers   age: '0',
32 verbose headers   'x-served-by': 'cache-lcy1134-LCY',
32 verbose headers   'x-cache': 'MISS',
32 verbose headers   'x-cache-hits': '0',
32 verbose headers   'x-timer': 'S1417277310.532288,VS0,VE90',
32 verbose headers   'keep-alive': 'timeout=10, max=50',
32 verbose headers   connection: 'Keep-Alive' }
33 silly registry.get cb [ 404,
33 silly registry.get   { date: 'Sat, 29 Nov 2014 16:08:30 GMT',
33 silly registry.get     server: 'CouchDB/1.5.0 (Erlang OTP/R14B04)',
33 silly registry.get     'content-type': 'application/json',
33 silly registry.get     'cache-control': 'max-age=0',
33 silly registry.get     'content-length': '52',
33 silly registry.get     'accept-ranges': 'bytes',
33 silly registry.get     via: '1.1 varnish',
33 silly registry.get     age: '0',
33 silly registry.get     'x-served-by': 'cache-lcy1134-LCY',
33 silly registry.get     'x-cache': 'MISS',
33 silly registry.get     'x-cache-hits': '0',
33 silly registry.get     'x-timer': 'S1417277310.532288,VS0,VE90',
33 silly registry.get     'keep-alive': 'timeout=10, max=50',
33 silly registry.get     connection: 'Keep-Alive' } ]
34 silly lockFile 9a511abb-reequest reequest@
35 silly lockFile 9a511abb-reequest reequest@
36 error 404 404 Not Found: reequest
36 error 404
36 error 404 'reequest' is not in the npm registry.
36 error 404 You should bug the author to publish it
36 error 404 It was specified as a dependency of 'tpplanningpoker'
36 error 404
36 error 404 Note that you can also install from a
36 error 404 tarball, folder, or http url, or git url.
37 error System Windows_NT 6.2.9200
38 error command "C:\\Program Files\\nodejs\\\\node.exe" "C:\\Program Files\\nodejs\\node_modules\\npm\\bin\\npm-cli.js" "install" "reequest"
39 error cwd C:\coding\TPPlanningPoker
40 error node -v v0.10.32
41 error npm -v 1.4.28
42 error code E404
43 verbose exit [ 1, true ]
